1 / 20
max_tile: 4096
movements: 2867
score: 61148

2 / 20
max_tile: 2048
movements: 1446
score: 27484

3 / 20
max_tile: 4096
movements: 3037
score: 67508

4 / 20
max_tile: 4096
movements: 2854
score: 61168

5 / 20
max_tile: 4096
movements: 3229
score: 70704

6 / 20
max_tile: 4096
movements: 2824
score: 60768

7 / 20
max_tile: 2048
movements: 1880
score: 36020

8 / 20
max_tile: 2048
movements: 1557
score: 30824

9 / 20
max_tile: 2048
movements: 1431
score: 27328

10 / 20
max_tile: 4096
movements: 3210
score: 70200

11 / 20
max_tile: 1024
movements: 760
score: 12480

12 / 20
max_tile: 2048
movements: 1457
score: 27628

13 / 20
max_tile: 4096
movements: 2233
score: 49332

14 / 20
max_tile: 4096
movements: 2340
score: 51408

15 / 20
max_tile: 2048
movements: 1624
score: 31140

16 / 20
max_tile: 4096
movements: 2780
score: 60176

17 / 20
max_tile: 2048
movements: 2102
score: 40300

18 / 20
max_tile: 1024
movements: 1217
score: 20552

19 / 20
max_tile: 4096
movements: 2866
score: 61340

20 / 20
max_tile: 4096
movements: 2616
score: 56768

