1 / 100
max_tile: 2048
movements: 1842
score: 33740

2 / 100
max_tile: 4096
movements: 2924
score: 60312

3 / 100
max_tile: 2048
movements: 1390
score: 25232

4 / 100
max_tile: 2048
movements: 1979
score: 36532

5 / 100
max_tile: 1024
movements: 1058
score: 17096

6 / 100
max_tile: 2048
movements: 1994
score: 36880

7 / 100
max_tile: 4096
movements: 2747
score: 57440

8 / 100
max_tile: 2048
movements: 1952
score: 36264

9 / 100
max_tile: 1024
movements: 1180
score: 18840

10 / 100
max_tile: 2048
movements: 1637
score: 29544

11 / 100
max_tile: 2048
movements: 1822
score: 33664

12 / 100
max_tile: 2048
movements: 1625
score: 30928

13 / 100
max_tile: 1024
movements: 872
score: 13792

14 / 100
max_tile: 4096
movements: 2540
score: 52760

15 / 100
max_tile: 2048
movements: 1572
score: 28584

16 / 100
max_tile: 4096
movements: 3748
score: 78056

17 / 100
max_tile: 2048
movements: 1569
score: 28428

18 / 100
max_tile: 2048
movements: 1566
score: 28384

19 / 100
max_tile: 1024
movements: 768
score: 12360

20 / 100
max_tile: 2048
movements: 1781
score: 33320

21 / 100
max_tile: 2048
movements: 1583
score: 28564

22 / 100
max_tile: 4096
movements: 2983
score: 61616

23 / 100
max_tile: 2048
movements: 1570
score: 28448

24 / 100
max_tile: 4096
movements: 3483
score: 72580

25 / 100
max_tile: 4096
movements: 3760
score: 78216

26 / 100
max_tile: 2048
movements: 1561
score: 28364

27 / 100
max_tile: 2048
movements: 2215
score: 40692

28 / 100
max_tile: 2048
movements: 1541
score: 28284

29 / 100
max_tile: 2048
movements: 1324
score: 24496

30 / 100
max_tile: 4096
movements: 2867
score: 59616

31 / 100
max_tile: 2048
movements: 1803
score: 34124

32 / 100
max_tile: 2048
movements: 1728
score: 32524

33 / 100
max_tile: 4096
movements: 2706
score: 56792

34 / 100
max_tile: 4096
movements: 2970
score: 61312

35 / 100
max_tile: 4096
movements: 2933
score: 60648

36 / 100
max_tile: 1024
movements: 1095
score: 17412

37 / 100
max_tile: 2048
movements: 1398
score: 26496

38 / 100
max_tile: 1024
movements: 1315
score: 21300

39 / 100
max_tile: 2048
movements: 1948
score: 36460

40 / 100
max_tile: 2048
movements: 2133
score: 38868

41 / 100
max_tile: 2048
movements: 1786
score: 33040

42 / 100
max_tile: 2048
movements: 1996
score: 36848

43 / 100
max_tile: 4096
movements: 2596
score: 53608

44 / 100
max_tile: 2048
movements: 2005
score: 36952

45 / 100
max_tile: 4096
movements: 2551
score: 52932

46 / 100
max_tile: 2048
movements: 2067
score: 37716

47 / 100
max_tile: 2048
movements: 1504
score: 27728

48 / 100
max_tile: 512
movements: 641
score: 8900

49 / 100
max_tile: 4096
movements: 3654
score: 76848

50 / 100
max_tile: 2048
movements: 1790
score: 33376

51 / 100
max_tile: 4096
movements: 3749
score: 78404

52 / 100
max_tile: 4096
movements: 2562
score: 52976

53 / 100
max_tile: 2048
movements: 2002
score: 36912

54 / 100
max_tile: 4096
movements: 2764
score: 57840

55 / 100
max_tile: 1024
movements: 801
score: 13732

56 / 100
max_tile: 4096
movements: 3464
score: 72488

57 / 100
max_tile: 1024
movements: 1306
score: 21104

58 / 100
max_tile: 1024
movements: 1027
score: 16768

59 / 100
max_tile: 1024
movements: 891
score: 14680

60 / 100
max_tile: 2048
movements: 1990
score: 36952

61 / 100
max_tile: 1024
movements: 770
score: 12440

62 / 100
max_tile: 1024
movements: 1060
score: 17000

63 / 100
max_tile: 4096
movements: 2804
score: 58040

64 / 100
max_tile: 1024
movements: 1039
score: 16740

65 / 100
max_tile: 2048
movements: 1831
score: 34596

66 / 100
max_tile: 4096
movements: 3263
score: 69012

67 / 100
max_tile: 1024
movements: 1010
score: 16452

68 / 100
max_tile: 4096
movements: 3134
score: 63504

69 / 100
max_tile: 2048
movements: 1538
score: 28272

70 / 100
max_tile: 4096
movements: 3310
score: 70264

71 / 100
max_tile: 2048
movements: 1535
score: 27972

72 / 100
max_tile: 4096
movements: 3427
score: 72028

73 / 100
max_tile: 2048
movements: 1571
score: 28532

74 / 100
max_tile: 1024
movements: 1082
score: 17280

75 / 100
max_tile: 2048
movements: 2033
score: 37348

76 / 100
max_tile: 2048
movements: 1768
score: 32968

77 / 100
max_tile: 1024
movements: 1054
score: 17032

78 / 100
max_tile: 2048
movements: 1946
score: 35824

79 / 100
max_tile: 2048
movements: 1814
score: 33644

80 / 100
max_tile: 4096
movements: 2917
score: 60284

81 / 100
max_tile: 2048
movements: 1811
score: 33588

82 / 100
max_tile: 4096
movements: 2980
score: 61304

83 / 100
max_tile: 2048
movements: 1931
score: 35732

84 / 100
max_tile: 2048
movements: 2000
score: 36904

85 / 100
max_tile: 1024
movements: 1000
score: 16348

86 / 100
max_tile: 2048
movements: 2022
score: 37024

87 / 100
max_tile: 2048
movements: 1562
score: 28368

88 / 100
max_tile: 2048
movements: 1765
score: 32952

89 / 100
max_tile: 2048
movements: 1829
score: 33708

90 / 100
max_tile: 4096
movements: 2760
score: 57416

91 / 100
max_tile: 1024
movements: 1062
score: 17112

92 / 100
max_tile: 4096
movements: 3216
score: 68436

93 / 100
max_tile: 2048
movements: 1549
score: 28316

94 / 100
max_tile: 4096
movements: 2892
score: 60184

95 / 100
max_tile: 1024
movements: 1045
score: 16764

96 / 100
max_tile: 2048
movements: 2003
score: 36948

97 / 100
max_tile: 1024
movements: 1074
score: 17184

98 / 100
max_tile: 1024
movements: 956
score: 15708

99 / 100
max_tile: 4096
movements: 3067
score: 62740

100 / 100
max_tile: 4096
movements: 3024
score: 61800

