1 / 100
max_tile: 2048
movements: 2241
score: 40920

2 / 100
max_tile: 4096
movements: 2753
score: 57496

3 / 100
max_tile: 1024
movements: 1087
score: 17364

4 / 100
max_tile: 2048
movements: 2337
score: 43068

5 / 100
max_tile: 2048
movements: 1990
score: 36892

6 / 100
max_tile: 2048
movements: 1762
score: 32944

7 / 100
max_tile: 2048
movements: 1779
score: 33360

8 / 100
max_tile: 4096
movements: 2392
score: 50184

9 / 100
max_tile: 1024
movements: 1024
score: 16548

10 / 100
max_tile: 1024
movements: 1053
score: 16924

11 / 100
max_tile: 2048
movements: 1689
score: 30252

12 / 100
max_tile: 2048
movements: 1815
score: 33636

13 / 100
max_tile: 4096
movements: 2902
score: 60144

14 / 100
max_tile: 2048
movements: 1768
score: 32964

15 / 100
max_tile: 1024
movements: 1160
score: 18488

16 / 100
max_tile: 512
movements: 666
score: 9360

17 / 100
max_tile: 1024
movements: 1089
score: 17388

18 / 100
max_tile: 2048
movements: 2152
score: 39144

19 / 100
max_tile: 2048
movements: 2148
score: 39080

20 / 100
max_tile: 1024
movements: 1027
score: 16676

21 / 100
max_tile: 2048
movements: 1663
score: 30352

22 / 100
max_tile: 1024
movements: 1274
score: 20688

23 / 100
max_tile: 2048
movements: 2013
score: 37004

24 / 100
max_tile: 2048
movements: 1571
score: 28708

25 / 100
max_tile: 2048
movements: 1252
score: 23560

26 / 100
max_tile: 2048
movements: 1882
score: 35216

27 / 100
max_tile: 1024
movements: 1068
score: 17096

28 / 100
max_tile: 1024
movements: 1015
score: 16556

29 / 100
max_tile: 2048
movements: 2092
score: 38392

30 / 100
max_tile: 2048
movements: 2058
score: 37904

31 / 100
max_tile: 4096
movements: 3033
score: 62284

32 / 100
max_tile: 2048
movements: 1538
score: 27952

33 / 100
max_tile: 2048
movements: 1751
score: 31796

34 / 100
max_tile: 2048
movements: 1919
score: 35860

35 / 100
max_tile: 2048
movements: 2090
score: 38352

36 / 100
max_tile: 512
movements: 613
score: 8380

37 / 100
max_tile: 4096
movements: 2895
score: 60068

38 / 100
max_tile: 1024
movements: 938
score: 14720

39 / 100
max_tile: 2048
movements: 1825
score: 33940

40 / 100
max_tile: 1024
movements: 819
score: 13808

41 / 100
max_tile: 2048
movements: 1979
score: 36692

42 / 100
max_tile: 4096
movements: 3745
score: 78172

43 / 100
max_tile: 2048
movements: 1482
score: 27512

44 / 100
max_tile: 4096
movements: 3479
score: 72884

45 / 100
max_tile: 1024
movements: 1101
score: 17484

46 / 100
max_tile: 2048
movements: 1839
score: 32772

47 / 100
max_tile: 2048
movements: 1531
score: 27924

48 / 100
max_tile: 2048
movements: 2121
score: 38652

49 / 100
max_tile: 1024
movements: 987
score: 15888

50 / 100
max_tile: 4096
movements: 2956
score: 61208

51 / 100
max_tile: 2048
movements: 1819
score: 33620

52 / 100
max_tile: 2048
movements: 1776
score: 33000

53 / 100
max_tile: 2048
movements: 1823
score: 33668

54 / 100
max_tile: 1024
movements: 871
score: 13636

55 / 100
max_tile: 4096
movements: 2511
score: 52324

56 / 100
max_tile: 1024
movements: 1083
score: 17364

57 / 100
max_tile: 2048
movements: 2148
score: 39032

58 / 100
max_tile: 1024
movements: 852
score: 13432

59 / 100
max_tile: 1024
movements: 1099
score: 17476

60 / 100
max_tile: 2048
movements: 2007
score: 36932

61 / 100
max_tile: 2048
movements: 1825
score: 33644

62 / 100
max_tile: 2048
movements: 1823
score: 33636

63 / 100
max_tile: 2048
movements: 1547
score: 28308

64 / 100
max_tile: 2048
movements: 1817
score: 33588

65 / 100
max_tile: 2048
movements: 2015
score: 36948

66 / 100
max_tile: 512
movements: 668
score: 9364

67 / 100
max_tile: 4096
movements: 2732
score: 56984

68 / 100
max_tile: 1024
movements: 1071
score: 17188

69 / 100
max_tile: 2048
movements: 1471
score: 27380

70 / 100
max_tile: 2048
movements: 1820
score: 33624

71 / 100
max_tile: 512
movements: 628
score: 8568

72 / 100
max_tile: 2048
movements: 1822
score: 33664

73 / 100
max_tile: 1024
movements: 1066
score: 17280

74 / 100
max_tile: 2048
movements: 1993
score: 36748

75 / 100
max_tile: 2048
movements: 1761
score: 31852

76 / 100
max_tile: 2048
movements: 1572
score: 28584

77 / 100
max_tile: 4096
movements: 3587
score: 75700

78 / 100
max_tile: 2048
movements: 2000
score: 36904

79 / 100
max_tile: 2048
movements: 1888
score: 35264

80 / 100
max_tile: 1024
movements: 1192
score: 18888

81 / 100
max_tile: 1024
movements: 924
score: 14592

82 / 100
max_tile: 2048
movements: 1572
score: 28536

83 / 100
max_tile: 1024
movements: 1032
score: 16584

84 / 100
max_tile: 2048
movements: 1637
score: 31012

85 / 100
max_tile: 4096
movements: 3666
score: 76640

86 / 100
max_tile: 2048
movements: 1536
score: 28072

87 / 100
max_tile: 1024
movements: 1029
score: 16700

88 / 100
max_tile: 2048
movements: 1803
score: 33424

89 / 100
max_tile: 4096
movements: 3934
score: 81632

90 / 100
max_tile: 512
movements: 653
score: 8988

91 / 100
max_tile: 2048
movements: 1776
score: 33164

92 / 100
max_tile: 2048
movements: 1955
score: 36272

93 / 100
max_tile: 2048
movements: 2013
score: 37572

94 / 100
max_tile: 2048
movements: 1586
score: 28512

95 / 100
max_tile: 1024
movements: 871
score: 13620

96 / 100
max_tile: 2048
movements: 1509
score: 27708

97 / 100
max_tile: 2048
movements: 2148
score: 39076

98 / 100
max_tile: 2048
movements: 1933
score: 35772

99 / 100
max_tile: 4096
movements: 2904
score: 60104

100 / 100
max_tile: 1024
movements: 1297
score: 21520

