1 / 100
max_tile: 512
movements: 398
score: 5556

2 / 100
max_tile: 2048
movements: 1499
score: 28600

3 / 100
max_tile: 256
movements: 385
score: 4636

4 / 100
max_tile: 1024
movements: 1044
score: 17212

5 / 100
max_tile: 1024
movements: 884
score: 14500

6 / 100
max_tile: 1024
movements: 1030
score: 17076

7 / 100
max_tile: 1024
movements: 1023
score: 17104

8 / 100
max_tile: 2048
movements: 1615
score: 30500

9 / 100
max_tile: 1024
movements: 1081
score: 18084

10 / 100
max_tile: 1024
movements: 765
score: 12640

11 / 100
max_tile: 1024
movements: 914
score: 14896

12 / 100
max_tile: 1024
movements: 1007
score: 16916

13 / 100
max_tile: 2048
movements: 1333
score: 25832

14 / 100
max_tile: 1024
movements: 1087
score: 18092

15 / 100
max_tile: 512
movements: 656
score: 9408

16 / 100
max_tile: 2048
movements: 1434
score: 27452

17 / 100
max_tile: 1024
movements: 1027
score: 17016

18 / 100
max_tile: 1024
movements: 857
score: 14152

19 / 100
max_tile: 2048
movements: 1481
score: 28076

20 / 100
max_tile: 512
movements: 676
score: 9724

21 / 100
max_tile: 512
movements: 638
score: 9340

22 / 100
max_tile: 1024
movements: 991
score: 16532

23 / 100
max_tile: 1024
movements: 1035
score: 17224

24 / 100
max_tile: 1024
movements: 887
score: 14452

25 / 100
max_tile: 2048
movements: 1504
score: 28268

26 / 100
max_tile: 512
movements: 578
score: 8244

27 / 100
max_tile: 1024
movements: 682
score: 11320

28 / 100
max_tile: 1024
movements: 985
score: 16508

29 / 100
max_tile: 512
movements: 589
score: 8284

30 / 100
max_tile: 1024
movements: 1018
score: 16832

31 / 100
max_tile: 2048
movements: 1351
score: 25416

32 / 100
max_tile: 1024
movements: 1015
score: 17096

33 / 100
max_tile: 256
movements: 413
score: 5128

34 / 100
max_tile: 2048
movements: 1575
score: 30840

35 / 100
max_tile: 512
movements: 669
score: 9548

36 / 100
max_tile: 512
movements: 634
score: 9216

37 / 100
max_tile: 512
movements: 582
score: 8384

38 / 100
max_tile: 512
movements: 651
score: 9304

39 / 100
max_tile: 1024
movements: 954
score: 16360

40 / 100
max_tile: 512
movements: 574
score: 7956

41 / 100
max_tile: 1024
movements: 997
score: 16828

42 / 100
max_tile: 1024
movements: 1205
score: 20416

43 / 100
max_tile: 512
movements: 600
score: 8444

44 / 100
max_tile: 512
movements: 629
score: 9300

45 / 100
max_tile: 2048
movements: 1439
score: 27616

46 / 100
max_tile: 512
movements: 677
score: 9856

47 / 100
max_tile: 1024
movements: 889
score: 14400

48 / 100
max_tile: 1024
movements: 999
score: 16612

49 / 100
max_tile: 512
movements: 643
score: 9396

50 / 100
max_tile: 1024
movements: 792
score: 13068

51 / 100
max_tile: 512
movements: 666
score: 9732

52 / 100
max_tile: 1024
movements: 1020
score: 17116

53 / 100
max_tile: 1024
movements: 995
score: 16652

54 / 100
max_tile: 1024
movements: 1034
score: 17152

55 / 100
max_tile: 512
movements: 674
score: 9572

56 / 100
max_tile: 1024
movements: 983
score: 16448

57 / 100
max_tile: 2048
movements: 1348
score: 25680

58 / 100
max_tile: 2048
movements: 1543
score: 28920

59 / 100
max_tile: 1024
movements: 873
score: 14160

60 / 100
max_tile: 1024
movements: 832
score: 13512

61 / 100
max_tile: 1024
movements: 989
score: 16652

62 / 100
max_tile: 512
movements: 626
score: 9040

63 / 100
max_tile: 1024
movements: 1209
score: 20300

64 / 100
max_tile: 1024
movements: 1009
score: 16672

65 / 100
max_tile: 1024
movements: 1096
score: 18744

66 / 100
max_tile: 512
movements: 580
score: 8468

67 / 100
max_tile: 2048
movements: 1641
score: 31228

68 / 100
max_tile: 512
movements: 514
score: 7324

69 / 100
max_tile: 2048
movements: 1678
score: 32480

70 / 100
max_tile: 1024
movements: 826
score: 14396

71 / 100
max_tile: 1024
movements: 1057
score: 17616

72 / 100
max_tile: 1024
movements: 1034
score: 17172

73 / 100
max_tile: 1024
movements: 1257
score: 21008

74 / 100
max_tile: 2048
movements: 1728
score: 33176

75 / 100
max_tile: 512
movements: 656
score: 9620

76 / 100
max_tile: 2048
movements: 1631
score: 31528

77 / 100
max_tile: 512
movements: 655
score: 9428

78 / 100
max_tile: 2048
movements: 1427
score: 27060

79 / 100
max_tile: 512
movements: 519
score: 7472

80 / 100
max_tile: 1024
movements: 922
score: 14912

81 / 100
max_tile: 1024
movements: 1018
score: 16976

82 / 100
max_tile: 1024
movements: 695
score: 11508

83 / 100
max_tile: 1024
movements: 1273
score: 21184

84 / 100
max_tile: 2048
movements: 1608
score: 31544

85 / 100
max_tile: 512
movements: 637
score: 9240

86 / 100
max_tile: 1024
movements: 830
score: 13472

87 / 100
max_tile: 2048
movements: 1729
score: 33264

88 / 100
max_tile: 1024
movements: 1090
score: 18720

89 / 100
max_tile: 1024
movements: 844
score: 13976

90 / 100
max_tile: 256
movements: 360
score: 4292

91 / 100
max_tile: 2048
movements: 1763
score: 33124

92 / 100
max_tile: 2048
movements: 1722
score: 33104

93 / 100
max_tile: 2048
movements: 1596
score: 30348

94 / 100
max_tile: 1024
movements: 1016
score: 17000

95 / 100
max_tile: 1024
movements: 1006
score: 16912

96 / 100
max_tile: 2048
movements: 1507
score: 28328

97 / 100
max_tile: 1024
movements: 1014
score: 16748

98 / 100
max_tile: 512
movements: 658
score: 9332

99 / 100
max_tile: 1024
movements: 740
score: 12328

100 / 100
max_tile: 1024
movements: 1185
score: 19340

