1 / 100
max_tile: 2048
movements: 1826
score: 35552

2 / 100
max_tile: 2048
movements: 1861
score: 36068

3 / 100
max_tile: 2048
movements: 1671
score: 32456

4 / 100
max_tile: 2048
movements: 2279
score: 44068

5 / 100
max_tile: 4096
movements: 3749
score: 80496

6 / 100
max_tile: 1024
movements: 829
score: 14336

7 / 100
max_tile: 2048
movements: 1259
score: 24968

8 / 100
max_tile: 2048
movements: 1807
score: 35408

9 / 100
max_tile: 2048
movements: 1929
score: 36780

10 / 100
max_tile: 2048
movements: 1889
score: 36300

11 / 100
max_tile: 4096
movements: 3125
score: 68656

12 / 100
max_tile: 512
movements: 852
score: 13024

13 / 100
max_tile: 4096
movements: 2567
score: 56292

14 / 100
max_tile: 2048
movements: 1883
score: 36380

15 / 100
max_tile: 4096
movements: 2717
score: 59400

16 / 100
max_tile: 4096
movements: 3284
score: 71572

17 / 100
max_tile: 1024
movements: 853
score: 14676

18 / 100
max_tile: 2048
movements: 1330
score: 25308

19 / 100
max_tile: 2048
movements: 1991
score: 39108

20 / 100
max_tile: 4096
movements: 2573
score: 55368

21 / 100
max_tile: 2048
movements: 1665
score: 32456

22 / 100
max_tile: 2048
movements: 1832
score: 35444

23 / 100
max_tile: 2048
movements: 1528
score: 30444

24 / 100
max_tile: 4096
movements: 2580
score: 55140

25 / 100
max_tile: 4096
movements: 2756
score: 59640

26 / 100
max_tile: 4096
movements: 2168
score: 48292

27 / 100
max_tile: 2048
movements: 1818
score: 35496

28 / 100
max_tile: 4096
movements: 2853
score: 60720

29 / 100
max_tile: 2048
movements: 1878
score: 36272

30 / 100
max_tile: 2048
movements: 1685
score: 32636

31 / 100
max_tile: 4096
movements: 3371
score: 74512

32 / 100
max_tile: 2048
movements: 1896
score: 36452

33 / 100
max_tile: 2048
movements: 1416
score: 27192

34 / 100
max_tile: 2048
movements: 1442
score: 27356

35 / 100
max_tile: 1024
movements: 1042
score: 17116

36 / 100
max_tile: 4096
movements: 2819
score: 60448

37 / 100
max_tile: 2048
movements: 1872
score: 36160

38 / 100
max_tile: 2048
movements: 1909
score: 36504

39 / 100
max_tile: 2048
movements: 1947
score: 37172

40 / 100
max_tile: 2048
movements: 1384
score: 26784

41 / 100
max_tile: 1024
movements: 969
score: 16356

42 / 100
max_tile: 4096
movements: 2775
score: 59692

43 / 100
max_tile: 2048
movements: 1875
score: 36184

44 / 100
max_tile: 2048
movements: 1864
score: 36144

45 / 100
max_tile: 2048
movements: 1810
score: 34916

46 / 100
max_tile: 2048
movements: 1897
score: 36284

47 / 100
max_tile: 2048
movements: 1859
score: 36004

48 / 100
max_tile: 4096
movements: 3258
score: 71168

49 / 100
max_tile: 2048
movements: 1955
score: 37080

50 / 100
max_tile: 2048
movements: 1874
score: 36184

51 / 100
max_tile: 2048
movements: 1844
score: 35796

52 / 100
max_tile: 4096
movements: 3672
score: 79220

53 / 100
max_tile: 2048
movements: 1988
score: 37928

54 / 100
max_tile: 2048
movements: 1859
score: 35888

55 / 100
max_tile: 4096
movements: 2282
score: 50248

56 / 100
max_tile: 2048
movements: 1937
score: 36876

57 / 100
max_tile: 2048
movements: 1175
score: 23148

58 / 100
max_tile: 4096
movements: 2548
score: 54976

59 / 100
max_tile: 2048
movements: 1938
score: 37008

60 / 100
max_tile: 2048
movements: 1475
score: 28000

61 / 100
max_tile: 4096
movements: 2870
score: 61340

62 / 100
max_tile: 2048
movements: 1904
score: 36648

63 / 100
max_tile: 2048
movements: 1887
score: 36412

64 / 100
max_tile: 1024
movements: 978
score: 16412

65 / 100
max_tile: 8192
movements: 4667
score: 113068

66 / 100
max_tile: 2048
movements: 1902
score: 36492

67 / 100
max_tile: 1024
movements: 1000
score: 16628

68 / 100
max_tile: 8192
movements: 4458
score: 108456

69 / 100
max_tile: 4096
movements: 2788
score: 60052

70 / 100
max_tile: 2048
movements: 1810
score: 34908

71 / 100
max_tile: 2048
movements: 1646
score: 32272

72 / 100
max_tile: 2048
movements: 1707
score: 33008

73 / 100
max_tile: 4096
movements: 2778
score: 59836

74 / 100
max_tile: 2048
movements: 1890
score: 36336

75 / 100
max_tile: 1024
movements: 1169
score: 20824

76 / 100
max_tile: 2048
movements: 1306
score: 25132

77 / 100
max_tile: 4096
movements: 2617
score: 56060

78 / 100
max_tile: 2048
movements: 1779
score: 34576

79 / 100
max_tile: 4096
movements: 2549
score: 55304

80 / 100
max_tile: 4096
movements: 2849
score: 60768

81 / 100
max_tile: 2048
movements: 1945
score: 37308

82 / 100
max_tile: 2048
movements: 1358
score: 25696

83 / 100
max_tile: 2048
movements: 1848
score: 35444

84 / 100
max_tile: 1024
movements: 1237
score: 20864

85 / 100
max_tile: 4096
movements: 3118
score: 69124

86 / 100
max_tile: 2048
movements: 1726
score: 33900

87 / 100
max_tile: 2048
movements: 1923
score: 36644

88 / 100
max_tile: 4096
movements: 2789
score: 60280

89 / 100
max_tile: 2048
movements: 1813
score: 35036

90 / 100
max_tile: 2048
movements: 1860
score: 35876

91 / 100
max_tile: 1024
movements: 868
score: 14736

92 / 100
max_tile: 4096
movements: 3160
score: 69540

93 / 100
max_tile: 4096
movements: 2686
score: 58376

94 / 100
max_tile: 2048
movements: 1809
score: 34924

95 / 100
max_tile: 4096
movements: 2401
score: 52164

96 / 100
max_tile: 1024
movements: 995
score: 16548

97 / 100
max_tile: 2048
movements: 1478
score: 27988

98 / 100
max_tile: 2048
movements: 1893
score: 36336

99 / 100
max_tile: 2048
movements: 1914
score: 36860

100 / 100
max_tile: 1024
movements: 1095
score: 18356

