1 / 100
max_tile: 512
movements: 535
score: 7556

2 / 100
max_tile: 1024
movements: 1012
score: 17000

3 / 100
max_tile: 512
movements: 681
score: 9900

4 / 100
max_tile: 1024
movements: 1020
score: 17112

5 / 100
max_tile: 1024
movements: 994
score: 16820

6 / 100
max_tile: 1024
movements: 987
score: 16520

7 / 100
max_tile: 4096
movements: 2408
score: 52236

8 / 100
max_tile: 512
movements: 484
score: 7124

9 / 100
max_tile: 2048
movements: 1835
score: 35288

10 / 100
max_tile: 2048
movements: 1447
score: 27568

11 / 100
max_tile: 4096
movements: 2486
score: 54804

12 / 100
max_tile: 2048
movements: 1342
score: 25312

13 / 100
max_tile: 1024
movements: 1043
score: 17208

14 / 100
max_tile: 512
movements: 495
score: 7112

15 / 100
max_tile: 512
movements: 519
score: 7452

16 / 100
max_tile: 4096
movements: 2770
score: 59700

17 / 100
max_tile: 512
movements: 498
score: 7240

18 / 100
max_tile: 2048
movements: 1954
score: 37392

19 / 100
max_tile: 2048
movements: 1352
score: 25992

20 / 100
max_tile: 2048
movements: 1314
score: 25596

21 / 100
max_tile: 1024
movements: 1036
score: 17180

22 / 100
max_tile: 2048
movements: 1450
score: 27648

23 / 100
max_tile: 2048
movements: 1714
score: 33124

24 / 100
max_tile: 512
movements: 568
score: 8272

25 / 100
max_tile: 2048
movements: 1610
score: 30080

26 / 100
max_tile: 2048
movements: 1717
score: 33072

27 / 100
max_tile: 2048
movements: 1721
score: 33088

28 / 100
max_tile: 4096
movements: 2430
score: 52432

29 / 100
max_tile: 2048
movements: 1309
score: 25540

30 / 100
max_tile: 2048
movements: 1309
score: 25588

31 / 100
max_tile: 1024
movements: 736
score: 12292

32 / 100
max_tile: 1024
movements: 1026
score: 17140

33 / 100
max_tile: 4096
movements: 2372
score: 51768

34 / 100
max_tile: 2048
movements: 1817
score: 35052

35 / 100
max_tile: 1024
movements: 994
score: 16564

36 / 100
max_tile: 2048
movements: 2009
score: 38400

37 / 100
max_tile: 1024
movements: 1010
score: 16860

38 / 100
max_tile: 1024
movements: 1031
score: 17160

39 / 100
max_tile: 2048
movements: 1925
score: 36960

40 / 100
max_tile: 2048
movements: 1480
score: 28044

41 / 100
max_tile: 2048
movements: 1969
score: 37244

42 / 100
max_tile: 1024
movements: 1013
score: 16744

43 / 100
max_tile: 2048
movements: 1452
score: 27608

44 / 100
max_tile: 2048
movements: 1585
score: 29532

45 / 100
max_tile: 2048
movements: 1409
score: 26800

46 / 100
max_tile: 2048
movements: 1953
score: 37472

47 / 100
max_tile: 2048
movements: 1662
score: 31952

48 / 100
max_tile: 1024
movements: 972
score: 16344

49 / 100
max_tile: 2048
movements: 1586
score: 30092

50 / 100
max_tile: 512
movements: 477
score: 7000

51 / 100
max_tile: 1024
movements: 1017
score: 16960

52 / 100
max_tile: 2048
movements: 1479
score: 28036

53 / 100
max_tile: 2048
movements: 1948
score: 37064

54 / 100
max_tile: 1024
movements: 1030
score: 17136

55 / 100
max_tile: 1024
movements: 1088
score: 18204

56 / 100
max_tile: 2048
movements: 2031
score: 38468

57 / 100
max_tile: 1024
movements: 930
score: 15944

58 / 100
max_tile: 2048
movements: 1856
score: 36064

59 / 100
max_tile: 4096
movements: 2890
score: 61572

60 / 100
max_tile: 2048
movements: 1675
score: 32704

61 / 100
max_tile: 2048
movements: 1739
score: 33304

62 / 100
max_tile: 1024
movements: 1031
score: 17028

63 / 100
max_tile: 2048
movements: 1967
score: 37544

64 / 100
max_tile: 1024
movements: 988
score: 16472

65 / 100
max_tile: 1024
movements: 999
score: 16628

66 / 100
max_tile: 1024
movements: 937
score: 15924

67 / 100
max_tile: 1024
movements: 692
score: 11824

68 / 100
max_tile: 1024
movements: 1034
score: 17172

69 / 100
max_tile: 2048
movements: 1709
score: 33168

70 / 100
max_tile: 1024
movements: 1003
score: 16712

71 / 100
max_tile: 2048
movements: 1807
score: 35136

72 / 100
max_tile: 2048
movements: 1811
score: 34932

73 / 100
max_tile: 1024
movements: 977
score: 16364

74 / 100
max_tile: 1024
movements: 815
score: 14012

75 / 100
max_tile: 512
movements: 612
score: 9016

76 / 100
max_tile: 2048
movements: 1482
score: 27984

77 / 100
max_tile: 512
movements: 435
score: 6188

78 / 100
max_tile: 2048
movements: 1505
score: 28300

79 / 100
max_tile: 2048
movements: 1487
score: 28200

80 / 100
max_tile: 4096
movements: 2399
score: 51876

81 / 100
max_tile: 2048
movements: 1904
score: 36524

82 / 100
max_tile: 1024
movements: 1028
score: 17020

83 / 100
max_tile: 2048
movements: 1784
score: 34684

84 / 100
max_tile: 1024
movements: 864
score: 14596

85 / 100
max_tile: 1024
movements: 925
score: 15928

86 / 100
max_tile: 2048
movements: 1880
score: 36300

87 / 100
max_tile: 2048
movements: 1858
score: 35556

88 / 100
max_tile: 1024
movements: 1180
score: 19288

89 / 100
max_tile: 1024
movements: 1001
score: 16592

90 / 100
max_tile: 2048
movements: 1748
score: 34404

91 / 100
max_tile: 2048
movements: 1699
score: 33708

92 / 100
max_tile: 4096
movements: 2413
score: 51936

93 / 100
max_tile: 1024
movements: 831
score: 13464

94 / 100
max_tile: 2048
movements: 1497
score: 28112

95 / 100
max_tile: 2048
movements: 1809
score: 34864

96 / 100
max_tile: 2048
movements: 1797
score: 34860

97 / 100
max_tile: 2048
movements: 1879
score: 36148

98 / 100
max_tile: 2048
movements: 1193
score: 23284

99 / 100
max_tile: 2048
movements: 1804
score: 34908

100 / 100
max_tile: 2048
movements: 1916
score: 36596

