1 / 100
max_tile: 4096
movements: 2613
score: 56748

2 / 100
max_tile: 4096
movements: 2525
score: 55480

3 / 100
max_tile: 1024
movements: 1039
score: 17236

4 / 100
max_tile: 1024
movements: 1006
score: 16908

5 / 100
max_tile: 2048
movements: 1885
score: 36380

6 / 100
max_tile: 2048
movements: 1901
score: 36684

7 / 100
max_tile: 4096
movements: 2394
score: 51892

8 / 100
max_tile: 2048
movements: 1232
score: 24160

9 / 100
max_tile: 2048
movements: 1628
score: 32132

10 / 100
max_tile: 2048
movements: 1844
score: 35652

11 / 100
max_tile: 1024
movements: 1224
score: 21604

12 / 100
max_tile: 1024
movements: 907
score: 14852

13 / 100
max_tile: 1024
movements: 754
score: 12528

14 / 100
max_tile: 2048
movements: 1867
score: 36016

15 / 100
max_tile: 2048
movements: 1877
score: 35900

16 / 100
max_tile: 4096
movements: 2777
score: 59956

17 / 100
max_tile: 2048
movements: 1869
score: 36216

18 / 100
max_tile: 4096
movements: 3164
score: 69812

19 / 100
max_tile: 2048
movements: 1670
score: 32360

20 / 100
max_tile: 2048
movements: 1663
score: 32512

21 / 100
max_tile: 1024
movements: 1012
score: 17044

22 / 100
max_tile: 2048
movements: 1679
score: 32724

23 / 100
max_tile: 4096
movements: 2294
score: 50716

24 / 100
max_tile: 1024
movements: 1154
score: 19960

25 / 100
max_tile: 2048
movements: 1885
score: 36300

26 / 100
max_tile: 1024
movements: 1042
score: 17484

27 / 100
max_tile: 1024
movements: 927
score: 15764

28 / 100
max_tile: 2048
movements: 1430
score: 27480

29 / 100
max_tile: 2048
movements: 1402
score: 27132

30 / 100
max_tile: 1024
movements: 1051
score: 17700

31 / 100
max_tile: 1024
movements: 1307
score: 23440

32 / 100
max_tile: 1024
movements: 690
score: 11432

33 / 100
max_tile: 4096
movements: 2391
score: 51876

34 / 100
max_tile: 2048
movements: 1887
score: 36244

35 / 100
max_tile: 2048
movements: 1906
score: 36544

36 / 100
max_tile: 1024
movements: 817
score: 13268

37 / 100
max_tile: 2048
movements: 2075
score: 42368

38 / 100
max_tile: 4096
movements: 3248
score: 70980

39 / 100
max_tile: 2048
movements: 1705
score: 33768

40 / 100
max_tile: 2048
movements: 1612
score: 31384

41 / 100
max_tile: 1024
movements: 1075
score: 17952

42 / 100
max_tile: 2048
movements: 1875
score: 36316

43 / 100
max_tile: 2048
movements: 1721
score: 33824

44 / 100
max_tile: 2048
movements: 1694
score: 33524

45 / 100
max_tile: 2048
movements: 1710
score: 33016

46 / 100
max_tile: 4096
movements: 2371
score: 51488

47 / 100
max_tile: 1024
movements: 1000
score: 17076

48 / 100
max_tile: 2048
movements: 1459
score: 27872

49 / 100
max_tile: 4096
movements: 3322
score: 72192

50 / 100
max_tile: 2048
movements: 1678
score: 32576

51 / 100
max_tile: 2048
movements: 1862
score: 36272

52 / 100
max_tile: 4096
movements: 3081
score: 67980

53 / 100
max_tile: 2048
movements: 1912
score: 36536

54 / 100
max_tile: 2048
movements: 1838
score: 35340

55 / 100
max_tile: 4096
movements: 2160
score: 47812

56 / 100
max_tile: 4096
movements: 2896
score: 61404

57 / 100
max_tile: 1024
movements: 976
score: 16660

58 / 100
max_tile: 2048
movements: 1639
score: 31084

59 / 100
max_tile: 2048
movements: 1906
score: 36512

60 / 100
max_tile: 1024
movements: 1054
score: 18292

61 / 100
max_tile: 1024
movements: 987
score: 16448

62 / 100
max_tile: 2048
movements: 1965
score: 37264

63 / 100
max_tile: 2048
movements: 1874
score: 36256

64 / 100
max_tile: 2048
movements: 1908
score: 36800

65 / 100
max_tile: 2048
movements: 1385
score: 26432

66 / 100
max_tile: 2048
movements: 1372
score: 26332

67 / 100
max_tile: 2048
movements: 1844
score: 35816

68 / 100
max_tile: 2048
movements: 1443
score: 27556

69 / 100
max_tile: 2048
movements: 1886
score: 36372

70 / 100
max_tile: 2048
movements: 1712
score: 33744

71 / 100
max_tile: 2048
movements: 1704
score: 33096

72 / 100
max_tile: 2048
movements: 1946
score: 37036

73 / 100
max_tile: 2048
movements: 1588
score: 31284

74 / 100
max_tile: 2048
movements: 1905
score: 36712

75 / 100
max_tile: 2048
movements: 1411
score: 27212

76 / 100
max_tile: 2048
movements: 1613
score: 31816

77 / 100
max_tile: 2048
movements: 1889
score: 36468

78 / 100
max_tile: 2048
movements: 1954
score: 38024

79 / 100
max_tile: 512
movements: 593
score: 8796

80 / 100
max_tile: 2048
movements: 1878
score: 36200

81 / 100
max_tile: 4096
movements: 3065
score: 67592

82 / 100
max_tile: 2048
movements: 1690
score: 32856

83 / 100
max_tile: 2048
movements: 2797
score: 56316

84 / 100
max_tile: 2048
movements: 1971
score: 41136

85 / 100
max_tile: 2048
movements: 1397
score: 26916

86 / 100
max_tile: 2048
movements: 1256
score: 24836

87 / 100
max_tile: 1024
movements: 991
score: 16532

88 / 100
max_tile: 2048
movements: 1806
score: 34896

89 / 100
max_tile: 2048
movements: 1873
score: 36184

90 / 100
max_tile: 2048
movements: 1434
score: 27324

91 / 100
max_tile: 2048
movements: 2142
score: 41900

92 / 100
max_tile: 2048
movements: 1951
score: 37460

93 / 100
max_tile: 4096
movements: 2072
score: 46708

94 / 100
max_tile: 2048
movements: 1661
score: 32456

95 / 100
max_tile: 1024
movements: 1199
score: 20220

96 / 100
max_tile: 4096
movements: 2326
score: 51352

97 / 100
max_tile: 4096
movements: 3350
score: 72476

98 / 100
max_tile: 2048
movements: 1633
score: 31108

99 / 100
max_tile: 2048
movements: 2028
score: 38788

100 / 100
max_tile: 2048
movements: 1717
score: 32124

