1 / 100
max_tile: 1024
movements: 1012
score: 17044

2 / 100
max_tile: 1024
movements: 976
score: 16780

3 / 100
max_tile: 1024
movements: 796
score: 13048

4 / 100
max_tile: 2048
movements: 1214
score: 23564

5 / 100
max_tile: 2048
movements: 1746
score: 33376

6 / 100
max_tile: 1024
movements: 954
score: 16124

7 / 100
max_tile: 1024
movements: 1009
score: 17052

8 / 100
max_tile: 1024
movements: 1175
score: 20128

9 / 100
max_tile: 1024
movements: 966
score: 16364

10 / 100
max_tile: 2048
movements: 1653
score: 32404

11 / 100
max_tile: 1024
movements: 962
score: 16312

12 / 100
max_tile: 2048
movements: 1641
score: 32060

13 / 100
max_tile: 2048
movements: 1871
score: 36192

14 / 100
max_tile: 512
movements: 523
score: 7604

15 / 100
max_tile: 1024
movements: 977
score: 16404

16 / 100
max_tile: 2048
movements: 1875
score: 36192

17 / 100
max_tile: 1024
movements: 952
score: 16112

18 / 100
max_tile: 2048
movements: 1891
score: 36428

19 / 100
max_tile: 2048
movements: 1414
score: 27196

20 / 100
max_tile: 1024
movements: 716
score: 12160

21 / 100
max_tile: 2048
movements: 1249
score: 23944

22 / 100
max_tile: 1024
movements: 989
score: 16588

23 / 100
max_tile: 1024
movements: 1204
score: 20564

24 / 100
max_tile: 1024
movements: 1032
score: 17500

25 / 100
max_tile: 4096
movements: 2691
score: 58648

26 / 100
max_tile: 2048
movements: 1892
score: 36324

27 / 100
max_tile: 4096
movements: 2329
score: 51236

28 / 100
max_tile: 2048
movements: 1667
score: 32776

29 / 100
max_tile: 1024
movements: 947
score: 16032

30 / 100
max_tile: 2048
movements: 1870
score: 36152

31 / 100
max_tile: 1024
movements: 848
score: 14480

32 / 100
max_tile: 2048
movements: 1887
score: 36304

33 / 100
max_tile: 1024
movements: 1025
score: 17048

34 / 100
max_tile: 512
movements: 500
score: 7212

35 / 100
max_tile: 2048
movements: 1448
score: 27684

36 / 100
max_tile: 2048
movements: 1662
score: 32460

37 / 100
max_tile: 2048
movements: 1914
score: 36576

38 / 100
max_tile: 1024
movements: 764
score: 12632

39 / 100
max_tile: 512
movements: 740
score: 11344

40 / 100
max_tile: 1024
movements: 1025
score: 16984

41 / 100
max_tile: 1024
movements: 960
score: 16260

42 / 100
max_tile: 1024
movements: 954
score: 16164

43 / 100
max_tile: 4096
movements: 2696
score: 58692

44 / 100
max_tile: 2048
movements: 1543
score: 29552

45 / 100
max_tile: 2048
movements: 1795
score: 34836

46 / 100
max_tile: 1024
movements: 918
score: 15848

47 / 100
max_tile: 1024
movements: 1014
score: 16892

48 / 100
max_tile: 2048
movements: 1759
score: 34492

49 / 100
max_tile: 2048
movements: 1420
score: 27072

50 / 100
max_tile: 1024
movements: 1206
score: 20380

51 / 100
max_tile: 512
movements: 567
score: 8288

52 / 100
max_tile: 1024
movements: 826
score: 13676

53 / 100
max_tile: 1024
movements: 1176
score: 20052

54 / 100
max_tile: 1024
movements: 980
score: 16356

55 / 100
max_tile: 2048
movements: 1480
score: 28008

56 / 100
max_tile: 2048
movements: 1401
score: 26552

57 / 100
max_tile: 2048
movements: 1481
score: 28068

58 / 100
max_tile: 2048
movements: 1956
score: 37416

59 / 100
max_tile: 2048
movements: 1646
score: 31220

60 / 100
max_tile: 1024
movements: 952
score: 16184

61 / 100
max_tile: 2048
movements: 1442
score: 27552

62 / 100
max_tile: 1024
movements: 853
score: 14584

63 / 100
max_tile: 1024
movements: 863
score: 14740

64 / 100
max_tile: 2048
movements: 1333
score: 25952

65 / 100
max_tile: 2048
movements: 1439
score: 27472

66 / 100
max_tile: 1024
movements: 654
score: 11252

67 / 100
max_tile: 2048
movements: 1857
score: 35972

68 / 100
max_tile: 512
movements: 556
score: 8068

69 / 100
max_tile: 1024
movements: 1086
score: 18088

70 / 100
max_tile: 2048
movements: 1854
score: 35932

71 / 100
max_tile: 1024
movements: 1215
score: 21520

72 / 100
max_tile: 2048
movements: 1386
score: 26476

73 / 100
max_tile: 2048
movements: 1582
score: 31212

74 / 100
max_tile: 1024
movements: 997
score: 16804

75 / 100
max_tile: 1024
movements: 851
score: 14032

76 / 100
max_tile: 2048
movements: 1792
score: 35148

77 / 100
max_tile: 2048
movements: 1899
score: 36848

78 / 100
max_tile: 2048
movements: 1321
score: 25780

79 / 100
max_tile: 512
movements: 506
score: 7416

80 / 100
max_tile: 2048
movements: 1539
score: 29516

81 / 100
max_tile: 2048
movements: 1819
score: 34944

82 / 100
max_tile: 2048
movements: 1550
score: 30724

83 / 100
max_tile: 512
movements: 706
score: 10900

84 / 100
max_tile: 2048
movements: 1840
score: 35540

85 / 100
max_tile: 1024
movements: 743
score: 12772

86 / 100
max_tile: 512
movements: 400
score: 5708

87 / 100
max_tile: 1024
movements: 888
score: 15408

88 / 100
max_tile: 2048
movements: 1465
score: 27644

89 / 100
max_tile: 4096
movements: 2417
score: 52252

90 / 100
max_tile: 1024
movements: 1293
score: 23348

91 / 100
max_tile: 2048
movements: 1414
score: 27240

92 / 100
max_tile: 1024
movements: 1050
score: 19060

93 / 100
max_tile: 1024
movements: 855
score: 14620

94 / 100
max_tile: 1024
movements: 954
score: 16184

95 / 100
max_tile: 256
movements: 409
score: 5372

96 / 100
max_tile: 1024
movements: 961
score: 16172

97 / 100
max_tile: 2048
movements: 1814
score: 35476

98 / 100
max_tile: 2048
movements: 1913
score: 36540

99 / 100
max_tile: 2048
movements: 1444
score: 27432

100 / 100
max_tile: 2048
movements: 1702
score: 33188