1 / 100
max_tile: 1024
movements: 1068
score: 17400

2 / 100
max_tile: 256
movements: 379
score: 4492

3 / 100
max_tile: 1024
movements: 808
score: 12784

4 / 100
max_tile: 1024
movements: 783
score: 12616

5 / 100
max_tile: 512
movements: 532
score: 7392

6 / 100
max_tile: 256
movements: 441
score: 5496

7 / 100
max_tile: 1024
movements: 1062
score: 17116

8 / 100
max_tile: 2048
movements: 1529
score: 28024

9 / 100
max_tile: 1024
movements: 1198
score: 19136

10 / 100
max_tile: 1024
movements: 820
score: 13104

11 / 100
max_tile: 512
movements: 648
score: 9196

12 / 100
max_tile: 1024
movements: 993
score: 15960

13 / 100
max_tile: 1024
movements: 1224
score: 19508

14 / 100
max_tile: 512
movements: 748
score: 11192

15 / 100
max_tile: 1024
movements: 898
score: 14228

16 / 100
max_tile: 512
movements: 535
score: 7616

17 / 100
max_tile: 512
movements: 535
score: 7420

18 / 100
max_tile: 512
movements: 689
score: 9604

19 / 100
max_tile: 1024
movements: 1156
score: 18468

20 / 100
max_tile: 1024
movements: 1030
score: 16600

21 / 100
max_tile: 512
movements: 497
score: 6676

22 / 100
max_tile: 512
movements: 540
score: 7552

23 / 100
max_tile: 2048
movements: 1595
score: 28848

24 / 100
max_tile: 1024
movements: 955
score: 15532

25 / 100
max_tile: 2048
movements: 1491
score: 27172

26 / 100
max_tile: 1024
movements: 718
score: 11716

27 / 100
max_tile: 512
movements: 630
score: 9316

28 / 100
max_tile: 512
movements: 652
score: 8964

29 / 100
max_tile: 1024
movements: 1084
score: 17412

30 / 100
max_tile: 512
movements: 590
score: 8196

31 / 100
max_tile: 1024
movements: 1004
score: 16380

32 / 100
max_tile: 2048
movements: 1874
score: 33436

33 / 100
max_tile: 1024
movements: 819
score: 13340

34 / 100
max_tile: 512
movements: 513
score: 6868

35 / 100
max_tile: 1024
movements: 1043
score: 16968

36 / 100
max_tile: 256
movements: 333
score: 3768

37 / 100
max_tile: 1024
movements: 1101
score: 17720

38 / 100
max_tile: 1024
movements: 924
score: 15040

39 / 100
max_tile: 256
movements: 361
score: 4256

40 / 100
max_tile: 512
movements: 554
score: 7624

41 / 100
max_tile: 1024
movements: 853
score: 13412

42 / 100
max_tile: 512
movements: 634
score: 8636

43 / 100
max_tile: 512
movements: 470
score: 6248

44 / 100
max_tile: 1024
movements: 846
score: 13512

45 / 100
max_tile: 512
movements: 678
score: 9388

46 / 100
max_tile: 2048
movements: 1830
score: 33832

47 / 100
max_tile: 256
movements: 356
score: 4204

48 / 100
max_tile: 1024
movements: 1050
score: 16956

49 / 100
max_tile: 1024
movements: 820
score: 12960

50 / 100
max_tile: 1024
movements: 1223
score: 21040

51 / 100
max_tile: 1024
movements: 699
score: 11276

52 / 100
max_tile: 1024
movements: 1041
score: 16792

53 / 100
max_tile: 512
movements: 502
score: 6952

54 / 100
max_tile: 1024
movements: 1024
score: 16612

55 / 100
max_tile: 1024
movements: 934
score: 14776

56 / 100
max_tile: 512
movements: 642
score: 9068

57 / 100
max_tile: 2048
movements: 1438
score: 26444

58 / 100
max_tile: 512
movements: 549
score: 7584

59 / 100
max_tile: 1024
movements: 722
score: 11592

60 / 100
max_tile: 1024
movements: 1247
score: 20572

61 / 100
max_tile: 512
movements: 572
score: 7984

62 / 100
max_tile: 2048
movements: 1561
score: 28532

63 / 100
max_tile: 2048
movements: 1694
score: 30796

64 / 100
max_tile: 1024
movements: 865
score: 13608

65 / 100
max_tile: 2048
movements: 1832
score: 33720

66 / 100
max_tile: 1024
movements: 985
score: 15928

67 / 100
max_tile: 1024
movements: 797
score: 12728

68 / 100
max_tile: 512
movements: 672
score: 9364

69 / 100
max_tile: 1024
movements: 887
score: 13980

70 / 100
max_tile: 512
movements: 562
score: 7912

71 / 100
max_tile: 1024
movements: 1282
score: 20764

72 / 100
max_tile: 2048
movements: 1563
score: 28544

73 / 100
max_tile: 512
movements: 617
score: 8780

74 / 100
max_tile: 1024
movements: 1207
score: 20016

75 / 100
max_tile: 2048
movements: 1937
score: 36056

76 / 100
max_tile: 512
movements: 619
score: 8448

77 / 100
max_tile: 1024
movements: 987
score: 16076

78 / 100
max_tile: 1024
movements: 931
score: 14620

79 / 100
max_tile: 256
movements: 442
score: 5548

80 / 100
max_tile: 2048
movements: 1443
score: 26348

81 / 100
max_tile: 1024
movements: 810
score: 12872

82 / 100
max_tile: 512
movements: 606
score: 8332

83 / 100
max_tile: 1024
movements: 1062
score: 17132

84 / 100
max_tile: 1024
movements: 1114
score: 17896

85 / 100
max_tile: 256
movements: 327
score: 3912

86 / 100
max_tile: 1024
movements: 747
score: 12252

87 / 100
max_tile: 1024
movements: 755
score: 12244

88 / 100
max_tile: 1024
movements: 1053
score: 17096

89 / 100
max_tile: 1024
movements: 797
score: 12676

90 / 100
max_tile: 1024
movements: 783
score: 12300

91 / 100
max_tile: 1024
movements: 912
score: 14844

92 / 100
max_tile: 1024
movements: 806
score: 12948

93 / 100
max_tile: 2048
movements: 1302
score: 24044

94 / 100
max_tile: 512
movements: 647
score: 9176

95 / 100
max_tile: 2048
movements: 1419
score: 25684

96 / 100
max_tile: 1024
movements: 1199
score: 19520

97 / 100
max_tile: 512
movements: 631
score: 8624

98 / 100
max_tile: 512
movements: 567
score: 7808

99 / 100
max_tile: 512
movements: 594
score: 8212

100 / 100
max_tile: 1024
movements: 1012
score: 16432